<?xml version="1.0" encoding="UTF-8"?>
<testng-results ignored="0" total="2" passed="1" failed="1" skipped="0">
  <reporter-output>
  </reporter-output>
  <suite started-at="2023-02-21T21:18:43 IST" name="Default suite" finished-at="2023-02-21T21:19:16 IST" duration-ms="33536">
    <groups>
    </groups>
    <test started-at="2023-02-21T21:18:43 IST" name="Default test" finished-at="2023-02-21T21:19:16 IST" duration-ms="33536">
      <class name="POM_DDF_TestNG_BaseClass_UtilityClass.TestClass">
        <test-method is-config="true" signature="OpenBrowser()[pri:0, instance:POM_DDF_TestNG_BaseClass_UtilityClass.TestClass@71def8f8]" started-at="2023-02-21T21:18:43 IST" name="OpenBrowser" finished-at="2023-02-21T21:18:56 IST" duration-ms="12855" status="PASS">
          <reporter-output>
          </reporter-output>
        </test-method> <!-- OpenBrowser -->
        <test-method is-config="true" signature="LoginToApp()[pri:0, instance:POM_DDF_TestNG_BaseClass_UtilityClass.TestClass@71def8f8]" started-at="2023-02-21T21:18:56 IST" name="LoginToApp" finished-at="2023-02-21T21:19:02 IST" duration-ms="6178" status="PASS">
          <reporter-output>
          </reporter-output>
        </test-method> <!-- LoginToApp -->
        <test-method signature="VerifyEmailAddress()[pri:1, instance:POM_DDF_TestNG_BaseClass_UtilityClass.TestClass@71def8f8]" started-at="2023-02-21T21:19:02 IST" name="VerifyEmailAddress" finished-at="2023-02-21T21:19:04 IST" duration-ms="2600" status="PASS">
          <reporter-output>
          </reporter-output>
        </test-method> <!-- VerifyEmailAddress -->
        <test-method is-config="true" signature="LogoutFromApp(org.testng.ITestResult)[pri:0, instance:POM_DDF_TestNG_BaseClass_UtilityClass.TestClass@71def8f8]" started-at="2023-02-21T21:19:04 IST" name="LogoutFromApp" finished-at="2023-02-21T21:19:08 IST" duration-ms="3186" status="PASS">
          <params>
            <param index="0">
              <value>
                <![CDATA[[TestResult name=VerifyEmailAddress status=SUCCESS method=TestClass.VerifyEmailAddress()[pri:1, instance:POM_DDF_TestNG_BaseClass_UtilityClass.TestClass@71def8f8] output={null}]]]>
              </value>
            </param>
          </params>
          <reporter-output>
          </reporter-output>
        </test-method> <!-- LogoutFromApp -->
        <test-method is-config="true" signature="LoginToApp()[pri:0, instance:POM_DDF_TestNG_BaseClass_UtilityClass.TestClass@71def8f8]" started-at="2023-02-21T21:19:08 IST" name="LoginToApp" finished-at="2023-02-21T21:19:12 IST" duration-ms="4139" status="PASS">
          <reporter-output>
          </reporter-output>
        </test-method> <!-- LoginToApp -->
        <test-method signature="VerifyTilte()[pri:2, instance:POM_DDF_TestNG_BaseClass_UtilityClass.TestClass@71def8f8]" started-at="2023-02-21T21:19:12 IST" name="VerifyTilte" finished-at="2023-02-21T21:19:12 IST" duration-ms="157" status="FAIL">
          <exception class="java.lang.AssertionError">
            <message>
              <![CDATA[expected [Insurance Broker System1] but found [Insurance Broker System]]]>
            </message>
            <full-stacktrace>
              <![CDATA[java.lang.AssertionError: expected [Insurance Broker System1] but found [Insurance Broker System]
at org.testng.Assert.fail(Assert.java:99)
at org.testng.Assert.failNotEquals(Assert.java:1037)
at org.testng.Assert.assertEqualsImpl(Assert.java:140)
at org.testng.Assert.assertEquals(Assert.java:122)
at org.testng.Assert.assertEquals(Assert.java:629)
at org.testng.Assert.assertEquals(Assert.java:639)
at POM_DDF_TestNG_BaseClass_UtilityClass.TestClass.VerifyTilte(TestClass.java:58)
at java.base/jdk.internal.reflect.NativeMethodAccessorImpl.invoke0(Native Method)
at java.base/jdk.internal.reflect.NativeMethodAccessorImpl.invoke(NativeMethodAccessorImpl.java:77)
at java.base/jdk.internal.reflect.DelegatingMethodAccessorImpl.invoke(DelegatingMethodAccessorImpl.java:43)
at java.base/java.lang.reflect.Method.invoke(Method.java:568)
at org.testng.internal.MethodInvocationHelper.invokeMethod(MethodInvocationHelper.java:133)
at org.testng.internal.TestInvoker.invokeMethod(TestInvoker.java:598)
at org.testng.internal.TestInvoker.invokeTestMethod(TestInvoker.java:173)
at org.testng.internal.MethodRunner.runInSequence(MethodRunner.java:46)
at org.testng.internal.TestInvoker$MethodInvocationAgent.invoke(TestInvoker.java:824)
at org.testng.internal.TestInvoker.invokeTestMethods(TestInvoker.java:146)
at org.testng.internal.TestMethodWorker.invokeTestMethods(TestMethodWorker.java:146)
at org.testng.internal.TestMethodWorker.run(TestMethodWorker.java:128)
at java.base/java.util.ArrayList.forEach(ArrayList.java:1511)
at org.testng.TestRunner.privateRun(TestRunner.java:794)
at org.testng.TestRunner.run(TestRunner.java:596)
at org.testng.SuiteRunner.runTest(SuiteRunner.java:377)
at org.testng.SuiteRunner.runSequentially(SuiteRunner.java:371)
at org.testng.SuiteRunner.privateRun(SuiteRunner.java:332)
at org.testng.SuiteRunner.run(SuiteRunner.java:276)
at org.testng.SuiteRunnerWorker.runSuite(SuiteRunnerWorker.java:53)
at org.testng.SuiteRunnerWorker.run(SuiteRunnerWorker.java:96)
at org.testng.TestNG.runSuitesSequentially(TestNG.java:1212)
at org.testng.TestNG.runSuitesLocally(TestNG.java:1134)
at org.testng.TestNG.runSuites(TestNG.java:1063)
at org.testng.TestNG.run(TestNG.java:1031)
at org.testng.remote.AbstractRemoteTestNG.run(AbstractRemoteTestNG.java:115)
at org.testng.remote.RemoteTestNG.initAndRun(RemoteTestNG.java:251)
at org.testng.remote.RemoteTestNG.main(RemoteTestNG.java:77)
]]>
            </full-stacktrace>
          </exception> <!-- java.lang.AssertionError -->
          <reporter-output>
          </reporter-output>
        </test-method> <!-- VerifyTilte -->
        <test-method is-config="true" signature="LogoutFromApp(org.testng.ITestResult)[pri:0, instance:POM_DDF_TestNG_BaseClass_UtilityClass.TestClass@71def8f8]" started-at="2023-02-21T21:19:12 IST" name="LogoutFromApp" finished-at="2023-02-21T21:19:16 IST" duration-ms="3640" status="PASS">
          <params>
            <param index="0">
              <value>
                <![CDATA[[TestResult name=VerifyTilte status=FAILURE method=TestClass.VerifyTilte()[pri:2, instance:POM_DDF_TestNG_BaseClass_UtilityClass.TestClass@71def8f8] output={null}]]]>
              </value>
            </param>
          </params>
          <reporter-output>
          </reporter-output>
        </test-method> <!-- LogoutFromApp -->
        <test-method is-config="true" signature="CloseBrowser()[pri:0, instance:POM_DDF_TestNG_BaseClass_UtilityClass.TestClass@71def8f8]" started-at="2023-02-21T21:19:16 IST" name="CloseBrowser" finished-at="2023-02-21T21:19:16 IST" duration-ms="686" status="PASS">
          <reporter-output>
          </reporter-output>
        </test-method> <!-- CloseBrowser -->
      </class> <!-- POM_DDF_TestNG_BaseClass_UtilityClass.TestClass -->
    </test> <!-- Default test -->
  </suite> <!-- Default suite -->
</testng-results>
